This is pdfTeX, Version 3.1415926-2.5-1.40.14 (TeX Live 2013/Debian) (format=pdflatex 2015.4.30)  2 MAY 2015 16:20
entering extended mode
 restricted \write18 enabled.
 %&-line parsing enabled.
**cover_page.tex
(./cover_page.tex
LaTeX2e <2011/06/27>
Babel <3.9h> and hyphenation patterns for 4 languages loaded.

! LaTeX Error: Environment titlepage undefined.

See the LaTeX manual or LaTeX Companion for explanation.
Type  H <return>  for immediate help.
 ...                                              
                                                  
l.1 \begin{titlepage}
                     
Your command was ignored.
Type  I <command> <return>  to replace it with another command,
or  <return>  to continue without it.

! Undefined control sequence.
l.2 {\centering \huge
                      { \textbf{
The control sequence at the end of the top line
of your error message was never \def'ed. If you have
misspelled it (e.g., `\hobx'), type `I' and the correct
spelling (e.g., `I\hbox'). Otherwise just continue,
and I'll forget about whatever was undefined.


! LaTeX Error: Missing \begin{document}.

See the LaTeX manual or LaTeX Companion for explanation.
Type  H <return>  for immediate help.
 ...                                              
                                                  
l.3 ...ms and Opinion Dynamics on Social Netwroks}
                                                  } \par
You're in trouble here.  Try typing  <return>  to proceed.
If that doesn't work, type  X <return>  to quit.


Overfull \hbox (22.56932pt too wide) in paragraph at lines 3--3
 \OT1/cmr/bx/n/10 Link 
 []


Overfull \hbox (21.7013pt too wide) in paragraph at lines 3--3
 \OT1/cmr/bx/n/10 Pre- 
 []


Overfull \hbox (18.52768pt too wide) in paragraph at lines 3--3
 \OT1/cmr/bx/n/10 dic- 
 []


Overfull \hbox (19.80545pt too wide) in paragraph at lines 3--3
 \OT1/cmr/bx/n/10 tion 
 []


Overfull \hbox (15.72214pt too wide) in paragraph at lines 3--3
 \OT1/cmr/bx/n/10 Al- 
 []


Overfull \hbox (15.33325pt too wide) in paragraph at lines 3--3
 \OT1/cmr/bx/n/10 go- 
 []


Overfull \hbox (32.91093pt too wide) in paragraph at lines 3--3
 \OT1/cmr/bx/n/10 rithms 
 []


Overfull \hbox (18.36794pt too wide) in paragraph at lines 3--3
 \OT1/cmr/bx/n/10 and 
 []


Overfull \hbox (28.44429pt too wide) in paragraph at lines 3--3
 \OT1/cmr/bx/n/10 Opin- 
 []


Overfull \hbox (15.33325pt too wide) in paragraph at lines 3--3
 \OT1/cmr/bx/n/10 ion 
 []


Overfull \hbox (18.72212pt too wide) in paragraph at lines 3--3
 \OT1/cmr/bx/n/10 Dy- 
 []


Overfull \hbox (25.39568pt too wide) in paragraph at lines 3--3
 \OT1/cmr/bx/n/10 nam- 
 []


Overfull \hbox (12.84158pt too wide) in paragraph at lines 3--3
 \OT1/cmr/bx/n/10 ics 
 []


Overfull \hbox (12.13882pt too wide) in paragraph at lines 3--3
 \OT1/cmr/bx/n/10 on 
 []


Overfull \hbox (15.97214pt too wide) in paragraph at lines 3--3
 \OT1/cmr/bx/n/10 So- 
 []


Overfull \hbox (17.09016pt too wide) in paragraph at lines 3--3
 \OT1/cmr/bx/n/10 cial 
 []


Overfull \hbox (47.82059pt too wide) in paragraph at lines 3--3
 \OT1/cmr/bx/n/10 Netwroks 
 []


! LaTeX Error: Missing \begin{document}.

See the LaTeX manual or LaTeX Companion for explanation.
Type  H <return>  for immediate help.
 ...                                              
                                                  
l.7 \begin{center}
                  
You're in trouble here.  Try typing  <return>  to proceed.
If that doesn't work, type  X <return>  to quit.


Overfull \hbox (20.0pt too wide) in paragraph at lines 7--7
[] 
 []


Overfull \hbox (22.2568pt too wide) in paragraph at lines 10--12
 \OT1/cmr/bx/n/10 May 
 []


Overfull \hbox (22.99988pt too wide) in paragraph at lines 10--12
 \OT1/cmr/bx/n/10 2015 
 []

! Undefined control sequence.
l.14 {\centering \large
                        {\textit{
The control sequence at the end of the top line
of your error message was never \def'ed. If you have
misspelled it (e.g., `\hobx'), type `I' and the correct
spelling (e.g., `I\hbox'). Otherwise just continue,
and I'll forget about whatever was undefined.


Overfull \hbox (22.99983pt too wide) in paragraph at lines 15--15
  \OT1/cmr/m/it/10 The- 
 []


Overfull \hbox (11.24438pt too wide) in paragraph at lines 15--15
 \OT1/cmr/m/it/10 sis 
 []


Overfull \hbox (17.63321pt too wide) in paragraph at lines 15--15
 \OT1/cmr/m/it/10 sub- 
 []


Overfull \hbox (18.14432pt too wide) in paragraph at lines 15--15
 \OT1/cmr/m/it/10 mit- 
 []


Overfull \hbox (12.52211pt too wide) in paragraph at lines 15--15
 \OT1/cmr/m/it/10 ted 
 []


Overfull \hbox (8.43327pt too wide) in paragraph at lines 15--15
 \OT1/cmr/m/it/10 to 
 []


Overfull \hbox (13.03323pt too wide) in paragraph at lines 15--15
 \OT1/cmr/m/it/10 the 
 []

! Undefined control sequence.
l.19 {\centering \large
                        {\textit{
The control sequence at the end of the top line
of your error message was never \def'ed. If you have
misspelled it (e.g., `\hobx'), type `I' and the correct
spelling (e.g., `I\hbox'). Otherwise just continue,
and I'll forget about whatever was undefined.


Overfull \hbox (13.05547pt too wide) in paragraph at lines 21--21
 \OT1/cmr/m/it/10 In- 
 []


Overfull \hbox (18.91101pt too wide) in paragraph at lines 21--21
 \OT1/cmr/m/it/10 dian 
 []


Overfull \hbox (13.05547pt too wide) in paragraph at lines 21--21
 \OT1/cmr/m/it/10 In- 
 []


Overfull \hbox (14.05545pt too wide) in paragraph at lines 21--21
 \OT1/cmr/m/it/10 sti- 
 []


Overfull \hbox (16.61098pt too wide) in paragraph at lines 21--21
 \OT1/cmr/m/it/10 tute 
 []


Overfull \hbox (8.17773pt too wide) in paragraph at lines 21--21
 \OT1/cmr/m/it/10 of 
 []


Overfull \hbox (23.76646pt too wide) in paragraph at lines 21--21
 \OT1/cmr/m/it/10 Tech- 
 []


Overfull \hbox (16.86656pt too wide) in paragraph at lines 21--21
 \OT1/cmr/m/it/10 nol- 
 []


Overfull \hbox (14.05544pt too wide) in paragraph at lines 21--21
 \OT1/cmr/m/it/10 ogy 
 []


Overfull \hbox (34.9053pt too wide) in paragraph at lines 21--21
 \OT1/cmr/m/it/10 Kharag- 
 []


Overfull \hbox (14.69435pt too wide) in paragraph at lines 21--21
 \OT1/cmr/m/it/10 pur 
 []

! Undefined control sequence.
l.25 {\centering \large
                        {\textit{
The control sequence at the end of the top line
of your error message was never \def'ed. If you have
misspelled it (e.g., `\hobx'), type `I' and the correct
spelling (e.g., `I\hbox'). Otherwise just continue,
and I'll forget about whatever was undefined.


Overfull \hbox (12.39436pt too wide) in paragraph at lines 26--26
 \OT1/cmr/m/it/10 for 
 []


Overfull \hbox (25.68317pt too wide) in paragraph at lines 26--26
 \OT1/cmr/m/it/10 award 
 []


Overfull \hbox (8.17773pt too wide) in paragraph at lines 26--26
 \OT1/cmr/m/it/10 of 
 []


Overfull \hbox (13.03323pt too wide) in paragraph at lines 26--26
 \OT1/cmr/m/it/10 the 
 []


Overfull \hbox (13.28879pt too wide) in paragraph at lines 26--26
 \OT1/cmr/m/it/10 de- 
 []


Overfull \hbox (16.99426pt too wide) in paragraph at lines 26--26
 \OT1/cmr/m/it/10 gree 
 []


Overfull \hbox (8.17773pt too wide) in paragraph at lines 26--26
 \OT1/cmr/m/it/10 of 
 []

! Undefined control sequence.
l.30 {\centering \Large
                        { \textbf {
The control sequence at the end of the top line
of your error message was never \def'ed. If you have
misspelled it (e.g., `\hobx'), type `I' and the correct
spelling (e.g., `I\hbox'). Otherwise just continue,
and I'll forget about whatever was undefined.


Overfull \hbox (28.78455pt too wide) in paragraph at lines 31--31
 \OT1/cmr/bx/n/10 Bach- 
 []


Overfull \hbox (9.10413pt too wide) in paragraph at lines 31--31
 \OT1/cmr/bx/n/10 e- 
 []


Overfull \hbox (13.6805pt too wide) in paragraph at lines 31--31
 \OT1/cmr/bx/n/10 lor 
 []


Overfull \hbox (9.26384pt too wide) in paragraph at lines 31--31
 \OT1/cmr/bx/n/10 of 
 []


Overfull \hbox (27.32625pt too wide) in paragraph at lines 31--31
 \OT1/cmr/bx/n/10 Tech- 
 []


Overfull \hbox (19.16656pt too wide) in paragraph at lines 31--31
 \OT1/cmr/bx/n/10 nol- 
 []


Overfull \hbox (17.72908pt too wide) in paragraph at lines 31--31
 \OT1/cmr/bx/n/10 ogy 
 []


Overfull \hbox (10.3402pt too wide) in paragraph at lines 35--35
 []\OT1/cmr/m/it/10 by 
 []

! Undefined control sequence.
l.37 {\centering \large
                        \textbf{Sourav Sarkar}\par}
The control sequence at the end of the top line
of your error message was never \def'ed. If you have
misspelled it (e.g., `\hobx'), type `I' and the correct
spelling (e.g., `I\hbox'). Otherwise just continue,
and I'll forget about whatever was undefined.


Overfull \hbox (34.60397pt too wide) in paragraph at lines 37--37
 []\OT1/cmr/bx/n/10 Sourav 
 []


Overfull \hbox (32.47203pt too wide) in paragraph at lines 37--37
 \OT1/cmr/bx/n/10 Sarkar 
 []

! Undefined control sequence.
l.40 {\centering \large
                        under the guidance of\par}
The control sequence at the end of the top line
of your error message was never \def'ed. If you have
misspelled it (e.g., `\hobx'), type `I' and the correct
spelling (e.g., `I\hbox'). Otherwise just continue,
and I'll forget about whatever was undefined.

Missing character: There is no u in font nullfont!
Missing character: There is no n in font nullfont!
Missing character: There is no d in font nullfont!
Missing character: There is no e in font nullfont!
Missing character: There is no r in font nullfont!
Missing character: There is no t in font nullfont!
Missing character: There is no h in font nullfont!
Missing character: There is no e in font nullfont!
Missing character: There is no g in font nullfont!
Missing character: There is no u in font nullfont!
Missing character: There is no i in font nullfont!
Missing character: There is no d in font nullfont!
Missing character: There is no a in font nullfont!
Missing character: There is no n in font nullfont!
Missing character: There is no c in font nullfont!
Missing character: There is no e in font nullfont!
Missing character: There is no o in font nullfont!
Missing character: There is no f in font nullfont!
! Undefined control sequence.
l.42 {\centering \large
                        \textbf{Dr. Niloy Ganguly}\par}
The control sequence at the end of the top line
of your error message was never \def'ed. If you have
misspelled it (e.g., `\hobx'), type `I' and the correct
spelling (e.g., `I\hbox'). Otherwise just continue,
and I'll forget about whatever was undefined.


Overfull \hbox (16.74992pt too wide) in paragraph at lines 42--42
 []\OT1/cmr/bx/n/10 Dr. 
 []


Overfull \hbox (26.88875pt too wide) in paragraph at lines 42--42
 \OT1/cmr/bx/n/10 Niloy 
 []


Overfull \hbox (24.854pt too wide) in paragraph at lines 42--42
 \OT1/cmr/bx/n/10 Gan- 
 []


Overfull \hbox (21.5624pt too wide) in paragraph at lines 42--42
 \OT1/cmr/bx/n/10 guly 
 []


! LaTeX Error: Environment figure undefined.

See the LaTeX manual or LaTeX Companion for explanation.
Type  H <return>  for immediate help.
 ...                                              
                                                  
l.44 \begin{figure}
                   [h]
Your command was ignored.
Type  I <command> <return>  to replace it with another command,
or  <return>  to continue without it.

Missing character: There is no [ in font nullfont!
Missing character: There is no h in font nullfont!
Missing character: There is no ] in font nullfont!
! Undefined control sequence.
l.46     \includegraphics
                         [scale=0.2]{logo.jpg}
The control sequence at the end of the top line
of your error message was never \def'ed. If you have
misspelled it (e.g., `\hobx'), type `I' and the correct
spelling (e.g., `I\hbox'). Otherwise just continue,
and I'll forget about whatever was undefined.

Missing character: There is no [ in font nullfont!
Missing character: There is no s in font nullfont!
Missing character: There is no c in font nullfont!
Missing character: There is no a in font nullfont!
Missing character: There is no l in font nullfont!
Missing character: There is no e in font nullfont!
Missing character: There is no = in font nullfont!
Missing character: There is no 0 in font nullfont!
Missing character: There is no . in font nullfont!
Missing character: There is no 2 in font nullfont!
Missing character: There is no ] in font nullfont!
Missing character: There is no l in font nullfont!
Missing character: There is no o in font nullfont!
Missing character: There is no g in font nullfont!
Missing character: There is no o in font nullfont!
Missing character: There is no . in font nullfont!
Missing character: There is no j in font nullfont!
Missing character: There is no p in font nullfont!
Missing character: There is no g in font nullfont!

! LaTeX Error: \begin{document} ended by \end{figure}.

See the LaTeX manual or LaTeX Companion for explanation.
Type  H <return>  for immediate help.
 ...                                              
                                                  
l.47 \end{figure}
                 
Your command was ignored.
Type  I <command> <return>  to replace it with another command,
or  <return>  to continue without it.


Overfull \hbox (20.0pt too wide) in paragraph at lines 44--48
[]
 []

! Undefined control sequence.
l.50    \large
               \textbf{Department of Computer Science and Engineering} \\
The control sequence at the end of the top line
of your error message was never \def'ed. If you have
misspelled it (e.g., `\hobx'), type `I' and the correct
spelling (e.g., `I\hbox'). Otherwise just continue,
and I'll forget about whatever was undefined.


Overfull \hbox (60.6733pt too wide) in paragraph at lines 50--50
 \OT1/cmr/bx/n/10 Department 
 []


Overfull \hbox (9.26384pt too wide) in paragraph at lines 50--50
 \OT1/cmr/bx/n/10 of 
 []


Overfull \hbox (27.47208pt too wide) in paragraph at lines 50--50
 \OT1/cmr/bx/n/10 Com- 
 []


Overfull \hbox (27.25682pt too wide) in paragraph at lines 50--50
 \OT1/cmr/bx/n/10 puter 
 []


Overfull \hbox (18.52768pt too wide) in paragraph at lines 50--50
 \OT1/cmr/bx/n/10 Sci- 
 []


Overfull \hbox (22.04156pt too wide) in paragraph at lines 50--50
 \OT1/cmr/bx/n/10 ence 
 []


Overfull \hbox (18.36794pt too wide) in paragraph at lines 50--50
 \OT1/cmr/bx/n/10 and 
 []


Overfull \hbox (17.77768pt too wide) in paragraph at lines 50--50
 \OT1/cmr/bx/n/10 En- 
 []


Overfull \hbox (12.77771pt too wide) in paragraph at lines 50--50
 \OT1/cmr/bx/n/10 gi- 
 []


Overfull \hbox (25.4999pt too wide) in paragraph at lines 50--50
 \OT1/cmr/bx/n/10 neer- 
 []


Overfull \hbox (15.49298pt too wide) in paragraph at lines 50--50
 \OT1/cmr/bx/n/10 ing 
 []

! Undefined control sequence.
<recently read> \large 
                       
l.51    \large
               \textbf{Indian Institute of Technology Kharagpur}
The control sequence at the end of the top line
of your error message was never \def'ed. If you have
misspelled it (e.g., `\hobx'), type `I' and the correct
spelling (e.g., `I\hbox'). Otherwise just continue,
and I'll forget about whatever was undefined.


Overfull \hbox (32.3123pt too wide) in paragraph at lines 51--52
 []\OT1/cmr/bx/n/10 Indian 
 []


Overfull \hbox (14.58325pt too wide) in paragraph at lines 51--52
 \OT1/cmr/bx/n/10 In- 
 []


Overfull \hbox (16.03601pt too wide) in paragraph at lines 51--52
 \OT1/cmr/bx/n/10 sti- 
 []


Overfull \hbox (20.60406pt too wide) in paragraph at lines 51--52
 \OT1/cmr/bx/n/10 tute 
 []


Overfull \hbox (9.26384pt too wide) in paragraph at lines 51--52
 \OT1/cmr/bx/n/10 of 
 []


Overfull \hbox (27.32625pt too wide) in paragraph at lines 51--52
 \OT1/cmr/bx/n/10 Tech- 
 []


Overfull \hbox (19.16656pt too wide) in paragraph at lines 51--52
 \OT1/cmr/bx/n/10 nol- 
 []


Overfull \hbox (17.56935pt too wide) in paragraph at lines 51--52
 \OT1/cmr/bx/n/10 ogy 
 []


Overfull \hbox (40.90253pt too wide) in paragraph at lines 51--52
 \OT1/cmr/bx/n/10 Kharag- 
 []


Overfull \hbox (17.51381pt too wide) in paragraph at lines 51--52
 \OT1/cmr/bx/n/10 pur 
 []


! LaTeX Error: \begin{document} ended by \end{titlepage}.

See the LaTeX manual or LaTeX Companion for explanation.
Type  H <return>  for immediate help.
 ...                                              
                                                  
l.57 \end{titlepage}
                    
Your command was ignored.
Type  I <command> <return>  to replace it with another command,
or  <return>  to continue without it.

)
! Emergency stop.
<*> cover_page.tex
                  
*** (job aborted, no legal \end found)

 
Here is how much of TeX's memory you used:
 15 strings out of 494985
 232 string characters out of 6180356
 49094 words of memory out of 5000000
 3330 multiletter control sequences out of 15000+600000
 4294 words of font info for 16 fonts, out of 8000000 for 9000
 36 hyphenation exceptions out of 8191
 13i,1n,10p,111b,138s stack positions out of 5000i,500n,10000p,200000b,80000s
!  ==> Fatal error occurred, no output PDF file produced!
